0 verbose cli C:\Program Files\nodejs\node.exe C:\Program Files\nodejs\node_modules\npm\bin\npm-cli.js
1 info using npm@11.9.0
2 info using node@v24.14.0
3 silly config load:file:C:\Program Files\nodejs\node_modules\npm\npmrc
4 silly config load:file:C:\jungmyeongwon\korit_12_3team\highpass_frontend\.npmrc
5 silly config load:file:C:\Users\user\.npmrc
6 silly config load:file:C:\Users\user\AppData\Roaming\npm\etc\npmrc
7 verbose title npm install axios
8 verbose argv "install" "axios" "--cache" ".\\.npm-cache"
9 verbose logfile logs-max:10 dir:C:\jungmyeongwon\korit_12_3team\highpass_frontend\.npm-cache\_logs\2026-04-08T07_22_26_617Z-
10 verbose logfile C:\jungmyeongwon\korit_12_3team\highpass_frontend\.npm-cache\_logs\2026-04-08T07_22_26_617Z-debug-0.log
11 silly logfile done cleaning log files
12 silly packumentCache heap:4496293888 maxSize:1124073472 maxEntrySize:562036736
13 silly idealTree buildDeps
14 silly fetch manifest axios@*
15 silly packumentCache full:https://registry.npmjs.org/axios cache-miss
16 http fetch GET 200 https://registry.npmjs.org/axios 146ms (cache miss)
17 silly packumentCache full:https://registry.npmjs.org/axios set size:undefined disposed:false
18 silly placeDep ROOT axios@1.14.0 OK for: korit_12_3team@0.1.0 want: *
19 silly fetch manifest form-data@^4.0.5
20 silly packumentCache full:https://registry.npmjs.org/form-data cache-miss
21 silly fetch manifest proxy-from-env@^2.1.0
22 silly packumentCache full:https://registry.npmjs.org/proxy-from-env cache-miss
23 silly fetch manifest follow-redirects@^1.15.11
24 silly packumentCache full:https://registry.npmjs.org/follow-redirects cache-miss
25 http fetch GET 200 https://registry.npmjs.org/npm 385ms
26 http fetch GET 200 https://registry.npmjs.org/form-data 46ms (cache miss)
27 silly packumentCache full:https://registry.npmjs.org/form-data set size:undefined disposed:false
28 http fetch GET 200 https://registry.npmjs.org/proxy-from-env 86ms (cache miss)
29 silly packumentCache full:https://registry.npmjs.org/proxy-from-env set size:undefined disposed:false
30 http fetch GET 200 https://registry.npmjs.org/follow-redirects 92ms (cache miss)
31 silly packumentCache full:https://registry.npmjs.org/follow-redirects set size:undefined disposed:false
32 silly placeDep ROOT follow-redirects@1.15.11 OK for: axios@1.14.0 want: ^1.15.11
33 silly placeDep ROOT form-data@4.0.5 OK for: axios@1.14.0 want: ^4.0.5
34 silly placeDep ROOT proxy-from-env@2.1.0 OK for: axios@1.14.0 want: ^2.1.0
35 silly fetch manifest asynckit@^0.4.0
36 silly packumentCache full:https://registry.npmjs.org/asynckit cache-miss
37 silly fetch manifest combined-stream@^1.0.8
38 silly packumentCache full:https://registry.npmjs.org/combined-stream cache-miss
39 silly fetch manifest mime-types@^2.1.12
40 silly packumentCache full:https://registry.npmjs.org/mime-types cache-miss
41 http fetch GET 200 https://registry.npmjs.org/combined-stream 34ms (cache miss)
42 silly packumentCache full:https://registry.npmjs.org/combined-stream set size:undefined disposed:false
43 http fetch GET 200 https://registry.npmjs.org/asynckit 40ms (cache miss)
44 silly packumentCache full:https://registry.npmjs.org/asynckit set size:undefined disposed:false
45 http fetch GET 200 https://registry.npmjs.org/mime-types 151ms (cache miss)
46 silly packumentCache full:https://registry.npmjs.org/mime-types set size:undefined disposed:false
47 silly placeDep ROOT asynckit@0.4.0 OK for: form-data@4.0.5 want: ^0.4.0
48 silly placeDep ROOT combined-stream@1.0.8 OK for: form-data@4.0.5 want: ^1.0.8
49 silly placeDep ROOT mime-types@2.1.35 OK for: form-data@4.0.5 want: ^2.1.12
50 silly fetch manifest delayed-stream@~1.0.0
51 silly packumentCache full:https://registry.npmjs.org/delayed-stream cache-miss
52 silly fetch manifest mime-db@1.52.0
53 silly packumentCache full:https://registry.npmjs.org/mime-db cache-miss
54 http fetch GET 200 https://registry.npmjs.org/mime-db 39ms (cache miss)
55 silly packumentCache full:https://registry.npmjs.org/mime-db set size:undefined disposed:false
56 http fetch GET 200 https://registry.npmjs.org/delayed-stream 41ms (cache miss)
57 silly packumentCache full:https://registry.npmjs.org/delayed-stream set size:undefined disposed:false
58 silly placeDep ROOT delayed-stream@1.0.0 OK for: combined-stream@1.0.8 want: ~1.0.0
59 silly placeDep ROOT mime-db@1.52.0 OK for: mime-types@2.1.35 want: 1.52.0
60 silly reify moves {}
61 silly audit bulk request {
61 silly audit   '@alloc/quick-lru': [ '5.2.0' ],
61 silly audit   '@babel/code-frame': [ '7.29.0' ],
61 silly audit   '@babel/compat-data': [ '7.29.0' ],
61 silly audit   '@babel/core': [ '7.29.0' ],
61 silly audit   '@babel/generator': [ '7.29.1' ],
61 silly audit   '@babel/helper-compilation-targets': [ '7.28.6' ],
61 silly audit   '@babel/helper-globals': [ '7.28.0' ],
61 silly audit   '@babel/helper-module-imports': [ '7.28.6' ],
61 silly audit   '@babel/helper-module-transforms': [ '7.28.6' ],
61 silly audit   '@babel/helper-string-parser': [ '7.27.1' ],
61 silly audit   '@babel/helper-validator-identifier': [ '7.28.5' ],
61 silly audit   '@babel/helper-validator-option': [ '7.27.1' ],
61 silly audit   '@babel/helpers': [ '7.29.2' ],
61 silly audit   '@babel/parser': [ '7.29.2' ],
61 silly audit   '@babel/runtime': [ '7.29.2' ],
61 silly audit   '@babel/template': [ '7.28.6' ],
61 silly audit   '@babel/traverse': [ '7.29.0' ],
61 silly audit   '@babel/types': [ '7.29.0' ],
61 silly audit   '@cloudflare/kv-asset-handler': [ '0.4.2' ],
61 silly audit   '@cloudflare/unenv-preset': [ '2.16.0' ],
61 silly audit   '@cloudflare/workerd-darwin-64': [ '1.20260329.1' ],
61 silly audit   '@cloudflare/workerd-darwin-arm64': [ '1.20260329.1' ],
61 silly audit   '@cloudflare/workerd-linux-64': [ '1.20260329.1' ],
61 silly audit   '@cloudflare/workerd-linux-arm64': [ '1.20260329.1' ],
61 silly audit   '@cloudflare/workerd-windows-64': [ '1.20260329.1' ],
61 silly audit   '@corex/deepmerge': [ '4.0.43' ],
61 silly audit   '@cspotcode/source-map-support': [ '0.8.1' ],
61 silly audit   '@jridgewell/trace-mapping': [ '0.3.9', '0.3.31' ],
61 silly audit   '@emnapi/core': [ '1.9.1' ],
61 silly audit   '@emnapi/runtime': [ '1.9.1' ],
61 silly audit   '@emnapi/wasi-threads': [ '1.2.0' ],
61 silly audit   '@esbuild/aix-ppc64': [ '0.27.3' ],
61 silly audit   '@esbuild/android-arm': [ '0.27.3' ],
61 silly audit   '@esbuild/android-arm64': [ '0.27.3' ],
61 silly audit   '@esbuild/android-x64': [ '0.27.3' ],
61 silly audit   '@esbuild/darwin-arm64': [ '0.27.3' ],
61 silly audit   '@esbuild/darwin-x64': [ '0.27.3' ],
61 silly audit   '@esbuild/freebsd-arm64': [ '0.27.3' ],
61 silly audit   '@esbuild/freebsd-x64': [ '0.27.3' ],
61 silly audit   '@esbuild/linux-arm': [ '0.27.3' ],
61 silly audit   '@esbuild/linux-arm64': [ '0.27.3' ],
61 silly audit   '@esbuild/linux-ia32': [ '0.27.3' ],
61 silly audit   '@esbuild/linux-loong64': [ '0.27.3' ],
61 silly audit   '@esbuild/linux-mips64el': [ '0.27.3' ],
61 silly audit   '@esbuild/linux-ppc64': [ '0.27.3' ],
61 silly audit   '@esbuild/linux-riscv64': [ '0.27.3' ],
61 silly audit   '@esbuild/linux-s390x': [ '0.27.3' ],
61 silly audit   '@esbuild/linux-x64': [ '0.27.3' ],
61 silly audit   '@esbuild/netbsd-arm64': [ '0.27.3' ],
61 silly audit   '@esbuild/netbsd-x64': [ '0.27.3' ],
61 silly audit   '@esbuild/openbsd-arm64': [ '0.27.3' ],
61 silly audit   '@esbuild/openbsd-x64': [ '0.27.3' ],
61 silly audit   '@esbuild/openharmony-arm64': [ '0.27.3' ],
61 silly audit   '@esbuild/sunos-x64': [ '0.27.3' ],
61 silly audit   '@esbuild/win32-arm64': [ '0.27.3' ],
61 silly audit   '@esbuild/win32-ia32': [ '0.27.3' ],
61 silly audit   '@esbuild/win32-x64': [ '0.27.3' ],
61 silly audit   '@eslint-community/eslint-utils': [ '4.9.1' ],
61 silly audit   'eslint-visitor-keys': [ '3.4.3', '5.0.1', '4.2.1' ],
61 silly audit   '@eslint-community/regexpp': [ '4.12.2' ],
61 silly audit   '@eslint/config-array': [ '0.21.2' ],
61 silly audit   '@eslint/config-helpers': [ '0.4.2' ],
61 silly audit   '@eslint/core': [ '0.17.0' ],
61 silly audit   '@eslint/eslintrc': [ '3.3.5' ],
61 silly audit   '@eslint/js': [ '9.39.4' ],
61 silly audit   '@eslint/object-schema': [ '2.1.7' ],
61 silly audit   '@eslint/plugin-kit': [ '0.4.1' ],
61 silly audit   '@humanfs/core': [ '0.19.1' ],
61 silly audit   '@humanfs/node': [ '0.16.7' ],
61 silly audit   '@humanwhocodes/module-importer': [ '1.0.1' ],
61 silly audit   '@humanwhocodes/retry': [ '0.4.3' ],
61 silly audit   '@img/colour': [ '1.1.0' ],
61 silly audit   '@img/sharp-darwin-arm64': [ '0.34.5' ],
61 silly audit   '@img/sharp-darwin-x64': [ '0.34.5' ],
61 silly audit   '@img/sharp-libvips-darwin-arm64': [ '1.2.4' ],
61 silly audit   '@img/sharp-libvips-darwin-x64': [ '1.2.4' ],
61 silly audit   '@img/sharp-libvips-linux-arm': [ '1.2.4' ],
61 silly audit   '@img/sharp-libvips-linux-arm64': [ '1.2.4' ],
61 silly audit   '@img/sharp-libvips-linux-ppc64': [ '1.2.4' ],
61 silly audit   '@img/sharp-libvips-linux-riscv64': [ '1.2.4' ],
61 silly audit   '@img/sharp-libvips-linux-s390x': [ '1.2.4' ],
61 silly audit   '@img/sharp-libvips-linux-x64': [ '1.2.4' ],
61 silly audit   '@img/sharp-libvips-linuxmusl-arm64': [ '1.2.4' ],
61 silly audit   '@img/sharp-libvips-linuxmusl-x64': [ '1.2.4' ],
61 silly audit   '@img/sharp-linux-arm': [ '0.34.5' ],
61 silly audit   '@img/sharp-linux-arm64': [ '0.34.5' ],
61 silly audit   '@img/sharp-linux-ppc64': [ '0.34.5' ],
61 silly audit   '@img/sharp-linux-riscv64': [ '0.34.5' ],
61 silly audit   '@img/sharp-linux-s390x': [ '0.34.5' ],
61 silly audit   '@img/sharp-linux-x64': [ '0.34.5' ],
61 silly audit   '@img/sharp-linuxmusl-arm64': [ '0.34.5' ],
61 silly audit   '@img/sharp-linuxmusl-x64': [ '0.34.5' ],
61 silly audit   '@img/sharp-wasm32': [ '0.34.5' ],
61 silly audit   '@img/sharp-win32-arm64': [ '0.34.5' ],
61 silly audit   '@img/sharp-win32-ia32': [ '0.34.5' ],
61 silly audit   '@img/sharp-win32-x64': [ '0.34.5' ],
61 silly audit   '@jridgewell/gen-mapping': [ '0.3.13' ],
61 silly audit   '@jridgewell/remapping': [ '2.3.5' ],
61 silly audit   '@jridgewell/resolve-uri': [ '3.1.2' ],
61 silly audit   '@jridgewell/sourcemap-codec': [ '1.5.5' ],
61 silly audit   '@napi-rs/wasm-runtime': [ '0.2.12' ],
61 silly audit   '@next/env': [ '16.2.2', '13.5.11' ],
61 silly audit   '@next/eslint-plugin-next': [ '16.2.1' ],
61 silly audit   '@next/swc-darwin-arm64': [ '16.2.2' ],
61 silly audit   '@next/swc-darwin-x64': [ '16.2.2' ],
61 silly audit   '@next/swc-linux-arm64-gnu': [ '16.2.2' ],
61 silly audit   '@next/swc-linux-arm64-musl': [ '16.2.2' ],
61 silly audit   '@next/swc-linux-x64-gnu': [ '16.2.2' ],
61 silly audit   '@next/swc-linux-x64-musl': [ '16.2.2' ],
61 silly audit   '@next/swc-win32-arm64-msvc': [ '16.2.2' ],
61 silly audit   '@next/swc-win32-x64-msvc': [ '16.2.2' ],
61 silly audit   '@nodelib/fs.scandir': [ '2.1.5' ],
61 silly audit   '@nodelib/fs.stat': [ '2.0.5' ],
61 silly audit   '@nodelib/fs.walk': [ '1.2.8' ],
61 silly audit   '@nolyfill/is-core-module': [ '1.0.39' ],
61 silly audit   '@poppinss/colors': [ '4.1.6' ],
61 silly audit   '@poppinss/dumper': [ '0.6.5' ],
61 silly audit   'supports-color': [ '10.2.2', '7.2.0' ],
61 silly audit   '@poppinss/exception': [ '1.2.3' ],
61 silly audit   '@rtsao/scc': [ '1.1.0' ],
61 silly audit   '@sindresorhus/is': [ '7.2.0' ],
61 silly audit   '@speed-highlight/core': [ '1.2.15' ],
61 silly audit   '@swc/helpers': [ '0.5.15' ],
61 silly audit   '@tailwindcss/node': [ '4.2.2' ],
61 silly audit   '@tailwindcss/oxide': [ '4.2.2' ],
61 silly audit   '@tailwindcss/oxide-android-arm64': [ '4.2.2' ],
61 silly audit   '@tailwindcss/oxide-darwin-arm64': [ '4.2.2' ],
61 silly audit   '@tailwindcss/oxide-darwin-x64': [ '4.2.2' ],
61 silly audit   '@tailwindcss/oxide-freebsd-x64': [ '4.2.2' ],
61 silly audit   '@tailwindcss/oxide-linux-arm-gnueabihf': [ '4.2.2' ],
61 silly audit   '@tailwindcss/oxide-linux-arm64-gnu': [ '4.2.2' ],
61 silly audit   '@tailwindcss/oxide-linux-arm64-musl': [ '4.2.2' ],
61 silly audit   '@tailwindcss/oxide-linux-x64-gnu': [ '4.2.2' ],
61 silly audit   '@tailwindcss/oxide-linux-x64-musl': [ '4.2.2' ],
61 silly audit   '@tailwindcss/oxide-wasm32-wasi': [ '4.2.2' ],
61 silly audit   '@tailwindcss/oxide-win32-arm64-msvc': [ '4.2.2' ],
61 silly audit   '@tailwindcss/oxide-win32-x64-msvc': [ '4.2.2' ],
61 silly audit   '@tailwindcss/postcss': [ '4.2.2' ],
61 silly audit   '@tailwindcss/typography': [ '0.5.19' ],
61 silly audit   '@tybys/wasm-util': [ '0.10.1' ],
61 silly audit   '@types/debug': [ '4.1.13' ],
61 silly audit   '@types/estree': [ '1.0.8' ],
61 silly audit   '@types/estree-jsx': [ '1.0.5' ],
61 silly audit   '@types/hast': [ '3.0.4' ],
61 silly audit   '@types/json-schema': [ '7.0.15' ],
61 silly audit   '@types/json5': [ '0.0.29' ],
61 silly audit   '@types/mdast': [ '4.0.4' ],
61 silly audit   '@types/ms': [ '2.1.0' ],
61 silly audit   '@types/node': [ '20.19.37' ],
61 silly audit   '@types/react': [ '19.2.14' ],
61 silly audit   '@types/react-dom': [ '19.2.3' ],
61 silly audit   '@types/unist': [ '3.0.3', '2.0.11' ],
61 silly audit   '@types/xml2js': [ '0.4.14' ],
61 silly audit   '@typescript-eslint/eslint-plugin': [ '8.58.0' ],
61 silly audit   ignore: [ '7.0.5', '5.3.2' ],
61 silly audit   '@typescript-eslint/parser': [ '8.58.0' ],
61 silly audit   '@typescript-eslint/project-service': [ '8.58.0' ],
61 silly audit   '@typescript-eslint/scope-manager': [ '8.58.0' ],
61 silly audit   '@typescript-eslint/tsconfig-utils': [ '8.58.0' ],
61 silly audit   '@typescript-eslint/type-utils': [ '8.58.0' ],
61 silly audit   '@typescript-eslint/types': [ '8.58.0' ],
61 silly audit   '@typescript-eslint/typescript-estree': [ '8.58.0' ],
61 silly audit   'balanced-match': [ '4.0.4', '1.0.2' ],
61 silly audit   'brace-expansion': [ '5.0.5', '1.1.13' ],
61 silly audit   minimatch: [ '10.2.5', '3.1.5' ],
61 silly audit   semver: [ '7.7.4', '6.3.1' ],
61 silly audit   '@typescript-eslint/utils': [ '8.58.0' ],
61 silly audit   '@typescript-eslint/visitor-keys': [ '8.58.0' ],
61 silly audit   '@ungap/structured-clone': [ '1.3.0' ],
61 silly audit   '@unrs/resolver-binding-android-arm-eabi': [ '1.11.1' ],
61 silly audit   '@unrs/resolver-binding-android-arm64': [ '1.11.1' ],
61 silly audit   '@unrs/resolver-binding-darwin-arm64': [ '1.11.1' ],
61 silly audit   '@unrs/resolver-binding-darwin-x64': [ '1.11.1' ],
61 silly audit   '@unrs/resolver-binding-freebsd-x64': [ '1.11.1' ],
61 silly audit   '@unrs/resolver-binding-linux-arm-gnueabihf': [ '1.11.1' ],
61 silly audit   '@unrs/resolver-binding-linux-arm-musleabihf': [ '1.11.1' ],
61 silly audit   '@unrs/resolver-binding-linux-arm64-gnu': [ '1.11.1' ],
61 silly audit   '@unrs/resolver-binding-linux-arm64-musl': [ '1.11.1' ],
61 silly audit   '@unrs/resolver-binding-linux-ppc64-gnu': [ '1.11.1' ],
61 silly audit   '@unrs/resolver-binding-linux-riscv64-gnu': [ '1.11.1' ],
61 silly audit   '@unrs/resolver-binding-linux-riscv64-musl': [ '1.11.1' ],
61 silly audit   '@unrs/resolver-binding-linux-s390x-gnu': [ '1.11.1' ],
61 silly audit   '@unrs/resolver-binding-linux-x64-gnu': [ '1.11.1' ],
61 silly audit   '@unrs/resolver-binding-linux-x64-musl': [ '1.11.1' ],
61 silly audit   '@unrs/resolver-binding-wasm32-wasi': [ '1.11.1' ],
61 silly audit   '@unrs/resolver-binding-win32-arm64-msvc': [ '1.11.1' ],
61 silly audit   '@unrs/resolver-binding-win32-ia32-msvc': [ '1.11.1' ],
61 silly audit   '@unrs/resolver-binding-win32-x64-msvc': [ '1.11.1' ],
61 silly audit   acorn: [ '8.16.0' ],
61 silly audit   'acorn-jsx': [ '5.3.2' ],
61 silly audit   ajv: [ '6.14.0' ],
61 silly audit   'ansi-styles': [ '4.3.0' ],
61 silly audit   argparse: [ '2.0.1', '1.0.10' ],
61 silly audit   'aria-query': [ '5.3.2' ],
61 silly audit   'array-buffer-byte-length': [ '1.0.2' ],
61 silly audit   'array-includes': [ '3.1.9' ],
61 silly audit   'array.prototype.findlast': [ '1.2.5' ],
61 silly audit   'array.prototype.findlastindex': [ '1.2.6' ],
61 silly audit   'array.prototype.flat': [ '1.3.3' ],
61 silly audit   'array.prototype.flatmap': [ '1.3.3' ],
61 silly audit   'array.prototype.tosorted': [ '1.1.4' ],
61 silly audit   'arraybuffer.prototype.slice': [ '1.0.4' ],
61 silly audit   'ast-types-flow': [ '0.0.8' ],
61 silly audit   'async-function': [ '1.0.0' ],
61 silly audit   'available-typed-arrays': [ '1.0.7' ],
61 silly audit   'axe-core': [ '4.11.2' ],
61 silly audit   'axobject-query': [ '4.1.0' ],
61 silly audit   bail: [ '2.0.2' ],
61 silly audit   'baseline-browser-mapping': [ '2.10.13' ],
61 silly audit   'blake3-wasm': [ '2.1.5' ],
61 silly audit   boolbase: [ '1.0.0' ],
61 silly audit   braces: [ '3.0.3' ],
61 silly audit   browserslist: [ '4.28.2' ],
61 silly audit   'call-bind': [ '1.0.8' ],
61 silly audit   'call-bind-apply-helpers': [ '1.0.2' ],
61 silly audit   'call-bound': [ '1.0.4' ],
61 silly audit   callsites: [ '3.1.0' ],
61 silly audit   'caniuse-lite': [ '1.0.30001784' ],
61 silly audit   ccount: [ '2.0.1' ],
61 silly audit   chalk: [ '4.1.2' ],
61 silly audit   'character-entities': [ '2.0.2' ],
61 silly audit   'character-entities-html4': [ '2.1.0' ],
61 silly audit   'character-entities-legacy': [ '3.0.0' ],
61 silly audit   'character-reference-invalid': [ '2.0.1' ],
61 silly audit   cheerio: [ '1.2.0' ],
61 silly audit   'cheerio-select': [ '2.1.0' ],
61 silly audit   'client-only': [ '0.0.1' ],
61 silly audit   clsx: [ '2.1.1' ],
61 silly audit   'color-convert': [ '2.0.1' ],
61 silly audit   'color-name': [ '1.1.4' ],
61 silly audit   'comma-separated-tokens': [ '2.0.3' ],
61 silly audit   'concat-map': [ '0.0.1' ],
61 silly audit   'convert-source-map': [ '2.0.0' ],
61 silly audit   cookie: [ '1.1.1' ],
61 silly audit   'cross-spawn': [ '7.0.6' ],
61 silly audit   'css-select': [ '5.2.2' ],
61 silly audit   'css-what': [ '6.2.2' ],
61 silly audit   cssesc: [ '3.0.0' ],
61 silly audit   csstype: [ '3.2.3' ],
61 silly audit   'damerau-levenshtein': [ '1.0.8' ],
61 silly audit   'data-view-buffer': [ '1.0.2' ],
61 silly audit   'data-view-byte-length': [ '1.0.2' ],
61 silly audit   'data-view-byte-offset': [ '1.0.1' ],
61 silly audit   'date-fns': [ '4.1.0' ],
61 silly audit   debug: [ '4.4.3', '3.2.7' ],
61 silly audit   'decode-named-character-reference': [ '1.3.0' ],
61 silly audit   'deep-is': [ '0.1.4' ],
61 silly audit   'define-data-property': [ '1.1.4' ],
61 silly audit   'define-properties': [ '1.2.1' ],
61 silly audit   dequal: [ '2.0.3' ],
61 silly audit   'detect-libc': [ '2.1.2' ],
61 silly audit   devlop: [ '1.1.0' ],
61 silly audit   doctrine: [ '2.1.0' ],
61 silly audit   'dom-serializer': [ '2.0.0' ],
61 silly audit   domelementtype: [ '2.3.0' ],
61 silly audit   domhandler: [ '5.0.3' ],
61 silly audit   domutils: [ '3.2.2' ],
61 silly audit   'dunder-proto': [ '1.0.1' ],
61 silly audit   'electron-to-chromium': [ '1.5.331' ],
61 silly audit   'emoji-regex': [ '9.2.2' ],
61 silly audit   'encoding-sniffer': [ '0.2.1' ],
61 silly audit   'enhanced-resolve': [ '5.20.1' ],
61 silly audit   entities: [ '4.5.0', '7.0.1', '6.0.1' ],
61 silly audit   'error-stack-parser-es': [ '1.0.5' ],
61 silly audit   'es-abstract': [ '1.24.1' ],
61 silly audit   'es-define-property': [ '1.0.1' ],
61 silly audit   'es-errors': [ '1.3.0' ],
61 silly audit   'es-iterator-helpers': [ '1.3.1' ],
61 silly audit   'es-object-atoms': [ '1.1.1' ],
61 silly audit   'es-set-tostringtag': [ '2.1.0' ],
61 silly audit   'es-shim-unscopables': [ '1.1.0' ],
61 silly audit   'es-to-primitive': [ '1.3.0' ],
61 silly audit   esbuild: [ '0.27.3' ],
61 silly audit   escalade: [ '3.2.0' ],
61 silly audit   'escape-string-regexp': [ '4.0.0', '5.0.0' ],
61 silly audit   eslint: [ '9.39.4' ],
61 silly audit   'eslint-config-next': [ '16.2.1' ],
61 silly audit   globals: [ '16.4.0', '14.0.0' ],
61 silly audit   'eslint-import-resolver-node': [ '0.3.9' ],
61 silly audit   'eslint-import-resolver-typescript': [ '3.10.1' ],
61 silly audit   'eslint-module-utils': [ '2.12.1' ],
61 silly audit   'eslint-plugin-import': [ '2.32.0' ],
61 silly audit   'eslint-plugin-jsx-a11y': [ '6.10.2' ],
61 silly audit   'eslint-plugin-react': [ '7.37.5' ],
61 silly audit   'eslint-plugin-react-hooks': [ '7.0.1' ],
61 silly audit   resolve: [ '2.0.0-next.6', '1.22.11' ],
61 silly audit   'eslint-scope': [ '8.4.0' ],
61 silly audit   espree: [ '10.4.0' ],
61 silly audit   esprima: [ '4.0.1' ],
61 silly audit   esquery: [ '1.7.0' ],
61 silly audit   esrecurse: [ '4.3.0' ],
61 silly audit   estraverse: [ '5.3.0' ],
61 silly audit   'estree-util-is-identifier-name': [ '3.0.0' ],
61 silly audit   esutils: [ '2.0.3' ],
61 silly audit   extend: [ '3.0.2' ],
61 silly audit   'extend-shallow': [ '2.0.1' ],
61 silly audit   'fast-deep-equal': [ '3.1.3' ],
61 silly audit   'fast-glob': [ '3.3.1' ],
61 silly audit   'glob-parent': [ '5.1.2', '6.0.2' ],
61 silly audit   'fast-json-stable-stringify': [ '2.1.0' ],
61 silly audit   'fast-levenshtein': [ '2.0.6' ],
61 silly audit   fastq: [ '1.20.1' ],
61 silly audit   'file-entry-cache': [ '8.0.0' ],
61 silly audit   'fill-range': [ '7.1.1' ],
61 silly audit   'find-up': [ '5.0.0' ],
61 silly audit   'flat-cache': [ '4.0.1' ],
61 silly audit   flatted: [ '3.4.2' ],
61 silly audit   'for-each': [ '0.3.5' ],
61 silly audit   fsevents: [ '2.3.3' ],
61 silly audit   'function-bind': [ '1.1.2' ],
61 silly audit   'function.prototype.name': [ '1.1.8' ],
61 silly audit   'functions-have-names': [ '1.2.3' ],
61 silly audit   'generator-function': [ '2.0.1' ],
61 silly audit   gensync: [ '1.0.0-beta.2' ],
61 silly audit   'get-intrinsic': [ '1.3.0' ],
61 silly audit   'get-proto': [ '1.0.1' ],
61 silly audit   'get-symbol-description': [ '1.1.0' ],
61 silly audit   'get-tsconfig': [ '4.13.7' ],
61 silly audit   globalthis: [ '1.0.4' ],
61 silly audit   gopd: [ '1.2.0' ],
61 silly audit   'graceful-fs': [ '4.2.11' ],
61 silly audit   'gray-matter': [ '4.0.3' ],
61 silly audit   'js-yaml': [ '3.14.2', '4.1.1' ],
61 silly audit   'has-bigints': [ '1.1.0' ],
61 silly audit   'has-flag': [ '4.0.0' ],
61 silly audit   'has-property-descriptors': [ '1.0.2' ],
61 silly audit   'has-proto': [ '1.2.0' ],
61 silly audit   'has-symbols': [ '1.1.0' ],
61 silly audit   'has-tostringtag': [ '1.0.2' ],
61 silly audit   hasown: [ '2.0.2' ],
61 silly audit   'hast-util-to-jsx-runtime': [ '2.3.6' ],
61 silly audit   'hast-util-whitespace': [ '3.0.0' ],
61 silly audit   'hermes-estree': [ '0.25.1' ],
61 silly audit   'hermes-parser': [ '0.25.1' ],
61 silly audit   'html-url-attributes': [ '3.0.1' ],
61 silly audit   htmlparser2: [ '10.1.0' ],
61 silly audit   'iconv-lite': [ '0.6.3' ],
61 silly audit   'import-fresh': [ '3.3.1' ],
61 silly audit   imurmurhash: [ '0.1.4' ],
61 silly audit   'inline-style-parser': [ '0.2.7' ],
61 silly audit   'internal-slot': [ '1.1.0' ],
61 silly audit   'is-alphabetical': [ '2.0.1' ],
61 silly audit   'is-alphanumerical': [ '2.0.1' ],
61 silly audit   'is-array-buffer': [ '3.0.5' ],
61 silly audit   'is-async-function': [ '2.1.1' ],
61 silly audit   'is-bigint': [ '1.1.0' ],
61 silly audit   'is-boolean-object': [ '1.2.2' ],
61 silly audit   'is-bun-module': [ '2.0.0' ],
61 silly audit   'is-callable': [ '1.2.7' ],
61 silly audit   'is-core-module': [ '2.16.1' ],
61 silly audit   'is-data-view': [ '1.0.2' ],
61 silly audit   'is-date-object': [ '1.1.0' ],
61 silly audit   'is-decimal': [ '2.0.1' ],
61 silly audit   'is-extendable': [ '0.1.1' ],
61 silly audit   'is-extglob': [ '2.1.1' ],
61 silly audit   'is-finalizationregistry': [ '1.1.1' ],
61 silly audit   'is-generator-function': [ '1.1.2' ],
61 silly audit   'is-glob': [ '4.0.3' ],
61 silly audit   'is-hexadecimal': [ '2.0.1' ],
61 silly audit   'is-map': [ '2.0.3' ],
61 silly audit   'is-negative-zero': [ '2.0.3' ],
61 silly audit   'is-number': [ '7.0.0' ],
61 silly audit   'is-number-object': [ '1.1.1' ],
61 silly audit   'is-plain-obj': [ '4.1.0' ],
61 silly audit   'is-regex': [ '1.2.1' ],
61 silly audit   'is-set': [ '2.0.3' ],
61 silly audit   'is-shared-array-buffer': [ '1.0.4' ],
61 silly audit   'is-string': [ '1.1.1' ],
61 silly audit   'is-symbol': [ '1.1.1' ],
61 silly audit   'is-typed-array': [ '1.1.15' ],
61 silly audit   'is-weakmap': [ '2.0.2' ],
61 silly audit   'is-weakref': [ '1.1.1' ],
61 silly audit   'is-weakset': [ '2.0.4' ],
61 silly audit   isarray: [ '2.0.5' ],
61 silly audit   isexe: [ '2.0.0' ],
61 silly audit   'iterator.prototype': [ '1.1.5' ],
61 silly audit   jiti: [ '2.6.1' ],
61 silly audit   'js-tokens': [ '4.0.0' ],
61 silly audit   jsesc: [ '3.1.0' ],
61 silly audit   'json-buffer': [ '3.0.1' ],
61 silly audit   'json-schema-traverse': [ '0.4.1' ],
61 silly audit   'json-stable-stringify-without-jsonify': [ '1.0.1' ],
61 silly audit   json5: [ '2.2.3', '1.0.2' ],
61 silly audit   'jsx-ast-utils': [ '3.3.5' ],
61 silly audit   'kakao.maps.d.ts': [ '0.1.40' ],
61 silly audit   keyv: [ '4.5.4' ],
61 silly audit   'kind-of': [ '6.0.3' ],
61 silly audit   kleur: [ '4.1.5' ],
61 silly audit   'language-subtag-registry': [ '0.3.23' ],
61 silly audit   'language-tags': [ '1.0.9' ],
61 silly audit   levn: [ '0.4.1' ],
61 silly audit   lightningcss: [ '1.32.0' ],
61 silly audit   'lightningcss-android-arm64': [ '1.32.0' ],
61 silly audit   'lightningcss-darwin-arm64': [ '1.32.0' ],
61 silly audit   'lightningcss-darwin-x64': [ '1.32.0' ],
61 silly audit   'lightningcss-freebsd-x64': [ '1.32.0' ],
61 silly audit   'lightningcss-linux-arm-gnueabihf': [ '1.32.0' ],
61 silly audit   'lightningcss-linux-arm64-gnu': [ '1.32.0' ],
61 silly audit   'lightningcss-linux-arm64-musl': [ '1.32.0' ],
61 silly audit   'lightningcss-linux-x64-gnu': [ '1.32.0' ],
61 silly audit   'lightningcss-linux-x64-musl': [ '1.32.0' ],
61 silly audit   'lightningcss-win32-arm64-msvc': [ '1.32.0' ],
61 silly audit   'lightningcss-win32-x64-msvc': [ '1.32.0' ],
61 silly audit   'locate-path': [ '6.0.0' ],
61 silly audit   'lodash.merge': [ '4.6.2' ],
61 silly audit   'longest-streak': [ '3.1.0' ],
61 silly audit   'loose-envify': [ '1.4.0' ],
61 silly audit   'lru-cache': [ '5.1.1' ],
61 silly audit   'lucide-react': [ '1.7.0' ],
61 silly audit   'magic-string': [ '0.30.21' ],
61 silly audit   'markdown-table': [ '3.0.4' ],
61 silly audit   'math-intrinsics': [ '1.1.0' ],
61 silly audit   'mdast-util-find-and-replace': [ '3.0.2' ],
61 silly audit   'mdast-util-from-markdown': [ '2.0.3' ],
61 silly audit   'mdast-util-gfm': [ '3.1.0' ],
61 silly audit   'mdast-util-gfm-autolink-literal': [ '2.0.1' ],
61 silly audit   'mdast-util-gfm-footnote': [ '2.1.0' ],
61 silly audit   'mdast-util-gfm-strikethrough': [ '2.0.0' ],
61 silly audit   'mdast-util-gfm-table': [ '2.0.0' ],
61 silly audit   'mdast-util-gfm-task-list-item': [ '2.0.0' ],
61 silly audit   'mdast-util-mdx-expression': [ '2.0.1' ],
61 silly audit   'mdast-util-mdx-jsx': [ '3.2.0' ],
61 silly audit   'mdast-util-mdxjs-esm': [ '2.0.1' ],
61 silly audit   'mdast-util-phrasing': [ '4.1.0' ],
61 silly audit   'mdast-util-to-hast': [ '13.2.1' ],
61 silly audit   'mdast-util-to-markdown': [ '2.1.2' ],
61 silly audit   'mdast-util-to-string': [ '4.0.0' ],
61 silly audit   merge2: [ '1.4.1' ],
61 silly audit   micromark: [ '4.0.2' ],
61 silly audit   'micromark-core-commonmark': [ '2.0.3' ],
61 silly audit   'micromark-extension-gfm': [ '3.0.0' ],
61 silly audit   'micromark-extension-gfm-autolink-literal': [ '2.1.0' ],
61 silly audit   'micromark-extension-gfm-footnote': [ '2.1.0' ],
61 silly audit   'micromark-extension-gfm-strikethrough': [ '2.1.0' ],
61 silly audit   'micromark-extension-gfm-table': [ '2.1.1' ],
61 silly audit   'micromark-extension-gfm-tagfilter': [ '2.0.0' ],
61 silly audit   'micromark-extension-gfm-task-list-item': [ '2.1.0' ],
61 silly audit   'micromark-factory-destination': [ '2.0.1' ],
61 silly audit   'micromark-factory-label': [ '2.0.1' ],
61 silly audit   'micromark-factory-space': [ '2.0.1' ],
61 silly audit   'micromark-factory-title': [ '2.0.1' ],
61 silly audit   'micromark-factory-whitespace': [ '2.0.1' ],
61 silly audit   'micromark-util-character': [ '2.1.1' ],
61 silly audit   'micromark-util-chunked': [ '2.0.1' ],
61 silly audit   'micromark-util-classify-character': [ '2.0.1' ],
61 silly audit   'micromark-util-combine-extensions': [ '2.0.1' ],
61 silly audit   'micromark-util-decode-numeric-character-reference': [ '2.0.2' ],
61 silly audit   'micromark-util-decode-string': [ '2.0.1' ],
61 silly audit   'micromark-util-encode': [ '2.0.1' ],
61 silly audit   'micromark-util-html-tag-name': [ '2.0.1' ],
61 silly audit   'micromark-util-normalize-identifier': [ '2.0.1' ],
61 silly audit   'micromark-util-resolve-all': [ '2.0.1' ],
61 silly audit   'micromark-util-sanitize-uri': [ '2.0.1' ],
61 silly audit   'micromark-util-subtokenize': [ '2.1.0' ],
61 silly audit   'micromark-util-symbol': [ '2.0.1' ],
61 silly audit   'micromark-util-types': [ '2.0.2' ],
61 silly audit   micromatch: [ '4.0.8' ],
61 silly audit   miniflare: [ '4.20260329.0' ],
61 silly audit   undici: [ '7.24.4', '7.24.7' ],
61 silly audit   minimist: [ '1.2.8' ],
61 silly audit   ms: [ '2.1.3' ],
61 silly audit   nanoid: [ '3.3.11' ],
61 silly audit   'napi-postinstall': [ '0.3.4' ],
61 silly audit   'natural-compare': [ '1.4.0' ],
61 silly audit   next: [ '16.2.2' ],
61 silly audit   'next-sitemap': [ '4.2.3' ],
61 silly audit   postcss: [ '8.4.31', '8.5.8' ],
61 silly audit   'node-exports-info': [ '1.6.0' ],
61 silly audit   'node-releases': [ '2.0.36' ],
61 silly audit   'nth-check': [ '2.1.1' ],
61 silly audit   'object-assign': [ '4.1.1' ],
61 silly audit   'object-inspect': [ '1.13.4' ],
61 silly audit   'object-keys': [ '1.1.1' ],
61 silly audit   'object.assign': [ '4.1.7' ],
61 silly audit   'object.entries': [ '1.1.9' ],
61 silly audit   'object.fromentries': [ '2.0.8' ],
61 silly audit   'object.groupby': [ '1.0.3' ],
61 silly audit   'object.values': [ '1.2.1' ],
61 silly audit   optionator: [ '0.9.4' ],
61 silly audit   'own-keys': [ '1.0.1' ],
61 silly audit   'p-limit': [ '3.1.0' ],
61 silly audit   'p-locate': [ '5.0.0' ],
61 silly audit   'parent-module': [ '1.0.1' ],
61 silly audit   'parse-entities': [ '4.0.2' ],
61 silly audit   parse5: [ '7.3.0' ],
61 silly audit   'parse5-htmlparser2-tree-adapter': [ '7.1.0' ],
61 silly audit   'parse5-parser-stream': [ '7.1.2' ],
61 silly audit   'path-exists': [ '4.0.0' ],
61 silly audit   'path-key': [ '3.1.1' ],
61 silly audit   'path-parse': [ '1.0.7' ],
61 silly audit   'path-to-regexp': [ '6.3.0' ],
61 silly audit   pathe: [ '2.0.3' ],
61 silly audit   picocolors: [ '1.1.1' ],
61 silly audit   picomatch: [ '2.3.2', '4.0.4' ],
61 silly audit   'possible-typed-array-names': [ '1.1.0' ],
61 silly audit   'postcss-selector-parser': [ '6.0.10' ],
61 silly audit   'prelude-ls': [ '1.2.1' ],
61 silly audit   'prop-types': [ '15.8.1' ],
61 silly audit   'property-information': [ '7.1.0' ],
61 silly audit   punycode: [ '2.3.1' ],
61 silly audit   'queue-microtask': [ '1.2.3' ],
61 silly audit   react: [ '19.2.4' ],
61 silly audit   'react-dom': [ '19.2.4' ],
61 silly audit   'react-draggable': [ '4.5.0' ],
61 silly audit   'react-is': [ '16.13.1' ],
61 silly audit   'react-kakao-maps-sdk': [ '1.2.1' ],
61 silly audit   'react-markdown': [ '10.1.0' ],
61 silly audit   'reflect.getprototypeof': [ '1.0.10' ],
61 silly audit   'regexp.prototype.flags': [ '1.5.4' ],
61 silly audit   'remark-gfm': [ '4.0.1' ],
61 silly audit   'remark-parse': [ '11.0.0' ],
61 silly audit   'remark-rehype': [ '11.1.2' ],
61 silly audit   'remark-stringify': [ '11.0.0' ],
61 silly audit   'resolve-from': [ '4.0.0' ],
61 silly audit   'resolve-pkg-maps': [ '1.0.0' ],
61 silly audit   reusify: [ '1.1.0' ],
61 silly audit   'run-parallel': [ '1.2.0' ],
61 silly audit   'safe-array-concat': [ '1.1.3' ],
61 silly audit   'safe-push-apply': [ '1.0.0' ],
61 silly audit   'safe-regex-test': [ '1.1.0' ],
61 silly audit   'safer-buffer': [ '2.1.2' ],
61 silly audit   sax: [ '1.6.0' ],
61 silly audit   scheduler: [ '0.27.0' ],
61 silly audit   'section-matter': [ '1.0.0' ],
61 silly audit   'set-function-length': [ '1.2.2' ],
61 silly audit   'set-function-name': [ '2.0.2' ],
61 silly audit   'set-proto': [ '1.0.0' ],
61 silly audit   sharp: [ '0.34.5' ],
61 silly audit   'shebang-command': [ '2.0.0' ],
61 silly audit   'shebang-regex': [ '3.0.0' ],
61 silly audit   'side-channel': [ '1.1.0' ],
61 silly audit   'side-channel-list': [ '1.0.0' ],
61 silly audit   'side-channel-map': [ '1.0.1' ],
61 silly audit   'side-channel-weakmap': [ '1.0.2' ],
61 silly audit   'source-map-js': [ '1.2.1' ],
61 silly audit   'space-separated-tokens': [ '2.0.2' ],
61 silly audit   'sprintf-js': [ '1.0.3' ],
61 silly audit   'stable-hash': [ '0.0.5' ],
61 silly audit   'stop-iteration-iterator': [ '1.1.0' ],
61 silly audit   'string.prototype.includes': [ '2.0.1' ],
61 silly audit   'string.prototype.matchall': [ '4.0.12' ],
61 silly audit   'string.prototype.repeat': [ '1.0.0' ],
61 silly audit   'string.prototype.trim': [ '1.2.10' ],
61 silly audit   'string.prototype.trimend': [ '1.0.9' ],
61 silly audit   'string.prototype.trimstart': [ '1.0.8' ],
61 silly audit   'stringify-entities': [ '4.0.4' ],
61 silly audit   'strip-bom': [ '3.0.0' ],
61 silly audit   'strip-bom-string': [ '1.0.0' ],
61 silly audit   'strip-json-comments': [ '3.1.1' ],
61 silly audit   'style-to-js': [ '1.1.21' ],
61 silly audit   'style-to-object': [ '1.0.14' ],
61 silly audit   'styled-jsx': [ '5.1.6' ],
61 silly audit   'supports-preserve-symlinks-flag': [ '1.0.0' ],
61 silly audit   tailwindcss: [ '4.2.2' ],
61 silly audit   tapable: [ '2.3.2' ],
61 silly audit   tinyglobby: [ '0.2.15' ],
61 silly audit   fdir: [ '6.5.0' ],
61 silly audit   'to-regex-range': [ '5.0.1' ],
61 silly audit   'trim-lines': [ '3.0.1' ],
61 silly audit   trough: [ '2.2.0' ],
61 silly audit   'ts-api-utils': [ '2.5.0' ],
61 silly audit   'tsconfig-paths': [ '3.15.0' ],
61 silly audit   tslib: [ '2.8.1' ],
61 silly audit   'type-check': [ '0.4.0' ],
61 silly audit   'typed-array-buffer': [ '1.0.3' ],
61 silly audit   'typed-array-byte-length': [ '1.0.3' ],
61 silly audit   'typed-array-byte-offset': [ '1.0.4' ],
61 silly audit   'typed-array-length': [ '1.0.7' ],
61 silly audit   typescript: [ '5.9.3' ],
61 silly audit   'typescript-eslint': [ '8.58.0' ],
61 silly audit   'unbox-primitive': [ '1.1.0' ],
61 silly audit   'undici-types': [ '6.21.0' ],
61 silly audit   unenv: [ '2.0.0-rc.24' ],
61 silly audit   unified: [ '11.0.5' ],
61 silly audit   'unist-util-is': [ '6.0.1' ],
61 silly audit   'unist-util-position': [ '5.0.0' ],
61 silly audit   'unist-util-stringify-position': [ '4.0.0' ],
61 silly audit   'unist-util-visit': [ '5.1.0' ],
61 silly audit   'unist-util-visit-parents': [ '6.0.2' ],
61 silly audit   'unrs-resolver': [ '1.11.1' ],
61 silly audit   'update-browserslist-db': [ '1.2.3' ],
61 silly audit   'uri-js': [ '4.4.1' ],
61 silly audit   'use-sync-external-store': [ '1.6.0' ],
61 silly audit   'util-deprecate': [ '1.0.2' ],
61 silly audit   vfile: [ '6.0.3' ],
61 silly audit   'vfile-message': [ '4.0.3' ],
61 silly audit   'whatwg-encoding': [ '3.1.1' ],
61 silly audit   'whatwg-mimetype': [ '4.0.0' ],
61 silly audit   which: [ '2.0.2' ],
61 silly audit   'which-boxed-primitive': [ '1.1.1' ],
61 silly audit   'which-builtin-type': [ '1.2.1' ],
61 silly audit   'which-collection': [ '1.0.2' ],
61 silly audit   'which-typed-array': [ '1.1.20' ],
61 silly audit   'word-wrap': [ '1.2.5' ],
61 silly audit   workerd: [ '1.20260329.1' ],
61 silly audit   wrangler: [ '4.79.0' ],
61 silly audit   ws: [ '8.18.0' ],
61 silly audit   xml2js: [ '0.6.2' ],
61 silly audit   xmlbuilder: [ '11.0.1' ],
61 silly audit   yallist: [ '3.1.1' ],
61 silly audit   'yocto-queue': [ '0.1.0' ],
61 silly audit   youch: [ '4.1.0-beta.10' ],
61 silly audit   'youch-core': [ '0.3.3' ],
61 silly audit   zod: [ '4.3.6' ],
61 silly audit   'zod-validation-error': [ '4.0.2' ],
61 silly audit   zwitch: [ '2.0.4' ],
61 silly audit   axios: [ '1.14.0' ],
61 silly audit   'follow-redirects': [ '1.15.11' ],
61 silly audit   'form-data': [ '4.0.5' ],
61 silly audit   'proxy-from-env': [ '2.1.0' ],
61 silly audit   asynckit: [ '0.4.0' ],
61 silly audit   'combined-stream': [ '1.0.8' ],
61 silly audit   'mime-types': [ '2.1.35' ],
61 silly audit   'delayed-stream': [ '1.0.0' ],
61 silly audit   'mime-db': [ '1.52.0' ]
61 silly audit }
62 http cache combined-stream@https://registry.npmjs.org/combined-stream/-/combined-stream-1.0.8.tgz 0ms (cache hit)
63 http cache mime-db@https://registry.npmjs.org/mime-db/-/mime-db-1.52.0.tgz 0ms (cache hit)
64 http cache mime-types@https://registry.npmjs.org/mime-types/-/mime-types-2.1.35.tgz 0ms (cache hit)
65 http cache delayed-stream@https://registry.npmjs.org/delayed-stream/-/delayed-stream-1.0.0.tgz 0ms (cache hit)
66 http cache form-data@https://registry.npmjs.org/form-data/-/form-data-4.0.5.tgz 0ms (cache hit)
67 http cache asynckit@https://registry.npmjs.org/asynckit/-/asynckit-0.4.0.tgz 0ms (cache hit)
68 http cache proxy-from-env@https://registry.npmjs.org/proxy-from-env/-/proxy-from-env-2.1.0.tgz 0ms (cache hit)
69 silly tarball no local data for combined-stream@https://registry.npmjs.org/combined-stream/-/combined-stream-1.0.8.tgz. Extracting by manifest.
70 silly tarball no local data for mime-db@https://registry.npmjs.org/mime-db/-/mime-db-1.52.0.tgz. Extracting by manifest.
71 silly tarball no local data for mime-types@https://registry.npmjs.org/mime-types/-/mime-types-2.1.35.tgz. Extracting by manifest.
72 http cache follow-redirects@https://registry.npmjs.org/follow-redirects/-/follow-redirects-1.15.11.tgz 0ms (cache hit)
73 silly tarball no local data for delayed-stream@https://registry.npmjs.org/delayed-stream/-/delayed-stream-1.0.0.tgz. Extracting by manifest.
74 http cache axios@https://registry.npmjs.org/axios/-/axios-1.14.0.tgz 0ms (cache hit)
75 silly tarball no local data for form-data@https://registry.npmjs.org/form-data/-/form-data-4.0.5.tgz. Extracting by manifest.
76 silly tarball no local data for asynckit@https://registry.npmjs.org/asynckit/-/asynckit-0.4.0.tgz. Extracting by manifest.
77 silly tarball no local data for proxy-from-env@https://registry.npmjs.org/proxy-from-env/-/proxy-from-env-2.1.0.tgz. Extracting by manifest.
78 silly tarball no local data for follow-redirects@https://registry.npmjs.org/follow-redirects/-/follow-redirects-1.15.11.tgz. Extracting by manifest.
79 silly tarball no local data for axios@https://registry.npmjs.org/axios/-/axios-1.14.0.tgz. Extracting by manifest.
80 http fetch GET 200 https://registry.npmjs.org/mime-types/-/mime-types-2.1.35.tgz 101ms (cache miss)
81 http fetch GET 200 https://registry.npmjs.org/combined-stream/-/combined-stream-1.0.8.tgz 103ms (cache miss)
82 http fetch GET 200 https://registry.npmjs.org/delayed-stream/-/delayed-stream-1.0.0.tgz 111ms (cache miss)
83 http fetch GET 200 https://registry.npmjs.org/mime-db/-/mime-db-1.52.0.tgz 115ms (cache miss)
84 http fetch GET 200 https://registry.npmjs.org/proxy-from-env/-/proxy-from-env-2.1.0.tgz 113ms (cache miss)
85 http fetch GET 200 https://registry.npmjs.org/follow-redirects/-/follow-redirects-1.15.11.tgz 111ms (cache miss)
86 http fetch GET 200 https://registry.npmjs.org/form-data/-/form-data-4.0.5.tgz 122ms (cache miss)
87 http fetch GET 200 https://registry.npmjs.org/asynckit/-/asynckit-0.4.0.tgz 127ms (cache miss)
88 http fetch POST 200 https://registry.npmjs.org/-/npm/v1/security/advisories/bulk 176ms
89 silly audit report {}
90 http fetch GET 200 https://registry.npmjs.org/axios/-/axios-1.14.0.tgz 361ms (cache miss)
91 silly ADD node_modules/mime-db
92 silly ADD node_modules/delayed-stream
93 silly ADD node_modules/mime-types
94 silly ADD node_modules/combined-stream
95 silly ADD node_modules/asynckit
96 silly ADD node_modules/proxy-from-env
97 silly ADD node_modules/form-data
98 silly ADD node_modules/follow-redirects
99 silly ADD node_modules/axios
100 verbose cwd C:\jungmyeongwon\korit_12_3team\highpass_frontend
101 verbose os Windows_NT 10.0.26100
102 verbose node v24.14.0
103 verbose npm  v11.9.0
104 notice
104 notice New minor version of npm available! 11.9.0 -> 11.12.1
104 notice Changelog: https://github.com/npm/cli/releases/tag/v11.12.1
104 notice To update run: npm install -g npm@11.12.1
104 notice  { force: true, Symbol(proc-log.meta): true }
105 verbose exit 0
106 info ok
